c:\users\navin\source\repos\compilerproject\build\smpl.dir\debug\vc143.pdb
c:\users\navin\source\repos\compilerproject\build\smpl.dir\debug\stat.obj
c:\users\navin\source\repos\compilerproject\build\smpl.dir\debug\return.obj
c:\users\navin\source\repos\compilerproject\build\smpl.dir\debug\relation.obj
c:\users\navin\source\repos\compilerproject\build\smpl.dir\debug\reop.obj
c:\users\navin\source\repos\compilerproject\build\smpl.dir\debug\num.obj
c:\users\navin\source\repos\compilerproject\build\smpl.dir\debug\if.obj
c:\users\navin\source\repos\compilerproject\build\smpl.dir\debug\ident.obj
c:\users\navin\source\repos\compilerproject\build\smpl.dir\debug\funcdecl.obj
c:\users\navin\source\repos\compilerproject\build\smpl.dir\debug\funccall.obj
c:\users\navin\source\repos\compilerproject\build\smpl.dir\debug\funcbody.obj
c:\users\navin\source\repos\compilerproject\build\smpl.dir\debug\formalparam.obj
c:\users\navin\source\repos\compilerproject\build\smpl.dir\debug\fac.obj
c:\users\navin\source\repos\compilerproject\build\smpl.dir\debug\exp.obj
c:\users\navin\source\repos\compilerproject\build\smpl.dir\debug\designator.obj
c:\users\navin\source\repos\compilerproject\build\smpl.dir\debug\comp.obj
c:\users\navin\source\repos\compilerproject\build\smpl.dir\debug\assign.obj
c:\users\navin\source\repos\compilerproject\build\smpl.dir\debug\symtable.obj
c:\users\navin\source\repos\compilerproject\build\smpl.dir\debug\main.obj
c:\users\navin\source\repos\compilerproject\build\smpl.dir\debug\lexer.obj
c:\users\navin\source\repos\compilerproject\build\smpl.dir\debug\io.obj
c:\users\navin\source\repos\compilerproject\build\smpl.dir\debug\while.obj
c:\users\navin\source\repos\compilerproject\build\smpl.dir\debug\vardecl.obj
c:\users\navin\source\repos\compilerproject\build\smpl.dir\debug\typedecl.obj
c:\users\navin\source\repos\compilerproject\build\smpl.dir\debug\term.obj
c:\users\navin\source\repos\compilerproject\build\smpl.dir\debug\statseq.obj
c:\users\navin\source\repos\compilerproject\build\cmakefiles\generate.stamp
c:\users\navin\source\repos\compilerproject\build\debug\smpl.exe
c:\users\navin\source\repos\compilerproject\build\debug\smpl.pdb
c:\users\navin\source\repos\compilerproject\build\smpl.dir\debug\smpl.ilk
c:\users\navin\source\repos\compilerproject\build\smpl.dir\debug\smpl.tlog\cl.command.1.tlog
c:\users\navin\source\repos\compilerproject\build\smpl.dir\debug\smpl.tlog\cl.items.tlog
c:\users\navin\source\repos\compilerproject\build\smpl.dir\debug\smpl.tlog\cl.read.1.tlog
c:\users\navin\source\repos\compilerproject\build\smpl.dir\debug\smpl.tlog\cl.write.1.tlog
c:\users\navin\source\repos\compilerproject\build\smpl.dir\debug\smpl.tlog\custombuild.command.1.tlog
c:\users\navin\source\repos\compilerproject\build\smpl.dir\debug\smpl.tlog\custombuild.read.1.tlog
c:\users\navin\source\repos\compilerproject\build\smpl.dir\debug\smpl.tlog\custombuild.write.1.tlog
c:\users\navin\source\repos\compilerproject\build\smpl.dir\debug\smpl.tlog\link.command.1.tlog
c:\users\navin\source\repos\compilerproject\build\smpl.dir\debug\smpl.tlog\link.read.1.tlog
c:\users\navin\source\repos\compilerproject\build\smpl.dir\debug\smpl.tlog\link.secondary.1.tlog
c:\users\navin\source\repos\compilerproject\build\smpl.dir\debug\smpl.tlog\link.write.1.tlog
