c:\users\navin\source\repos\compilerproject\build\debug\compilerdatastructures.pdb
c:\users\navin\source\repos\compilerproject\build\compilerdatastructures.dir\debug\kills.obj
c:\users\navin\source\repos\compilerproject\build\compilerdatastructures.dir\debug\symtable.obj
c:\users\navin\source\repos\compilerproject\build\compilerdatastructures.dir\debug\arrays.obj
c:\users\navin\source\repos\compilerproject\build\compilerdatastructures.dir\debug\ssacomsubexp.obj
c:\users\navin\source\repos\compilerproject\build\compilerdatastructures.dir\debug\ssainstrrename.obj
c:\users\navin\source\repos\compilerproject\build\compilerdatastructures.dir\debug\ssaphi.obj
c:\users\navin\source\repos\compilerproject\build\compilerdatastructures.dir\debug\ssainstr.obj
c:\users\navin\source\repos\compilerproject\build\compilerdatastructures.dir\debug\instruction.obj
c:\users\navin\source\repos\compilerproject\build\compilerdatastructures.dir\debug\hashtable.obj
c:\users\navin\source\repos\compilerproject\build\compilerdatastructures.dir\debug\keystring.obj
c:\users\navin\source\repos\compilerproject\build\compilerdatastructures.dir\debug\valueint.obj
c:\users\navin\source\repos\compilerproject\build\compilerdatastructures.dir\debug\dotgraph.obj
c:\users\navin\source\repos\compilerproject\build\compilerdatastructures.dir\debug\container.obj
c:\users\navin\source\repos\compilerproject\build\cmakefiles\generate.stamp
c:\users\navin\source\repos\compilerproject\build\debug\compilerdatastructures.lib
c:\users\navin\source\repos\compilerproject\build\compilerdatastructures.dir\debug\compiler.afbe0773.tlog\cl.command.1.tlog
c:\users\navin\source\repos\compilerproject\build\compilerdatastructures.dir\debug\compiler.afbe0773.tlog\cl.items.tlog
c:\users\navin\source\repos\compilerproject\build\compilerdatastructures.dir\debug\compiler.afbe0773.tlog\cl.read.1.tlog
c:\users\navin\source\repos\compilerproject\build\compilerdatastructures.dir\debug\compiler.afbe0773.tlog\cl.write.1.tlog
c:\users\navin\source\repos\compilerproject\build\compilerdatastructures.dir\debug\compiler.afbe0773.tlog\custombuild.command.1.tlog
c:\users\navin\source\repos\compilerproject\build\compilerdatastructures.dir\debug\compiler.afbe0773.tlog\custombuild.read.1.tlog
c:\users\navin\source\repos\compilerproject\build\compilerdatastructures.dir\debug\compiler.afbe0773.tlog\custombuild.write.1.tlog
c:\users\navin\source\repos\compilerproject\build\compilerdatastructures.dir\debug\compiler.afbe0773.tlog\lib-link.read.1.tlog
c:\users\navin\source\repos\compilerproject\build\compilerdatastructures.dir\debug\compiler.afbe0773.tlog\lib-link.write.1.tlog
c:\users\navin\source\repos\compilerproject\build\compilerdatastructures.dir\debug\compiler.afbe0773.tlog\lib.command.1.tlog
